{"C:\\Users\\Марина\\Documents\\Все IT\\sql\\JavaScriptTesting\\TDD basics\\js_get_coin_combination\\src\\getCoinCombination.js": {"path":"C:\\Users\\Марина\\Documents\\Все IT\\sql\\JavaScriptTesting\\TDD basics\\js_get_coin_combination\\src\\getCoinCombination.js","statementMap":{"0":{"start":{"line":9,"column":22},"end":{"line":9,"column":27}},"1":{"start":{"line":10,"column":17},"end":{"line":10,"column":31}},"2":{"start":{"line":11,"column":16},"end":{"line":11,"column":28}},"3":{"start":{"line":13,"column":2},"end":{"line":16,"column":3}},"4":{"start":{"line":13,"column":15},"end":{"line":13,"column":16}},"5":{"start":{"line":14,"column":4},"end":{"line":14,"column":53}},"6":{"start":{"line":15,"column":4},"end":{"line":15,"column":42}},"7":{"start":{"line":18,"column":2},"end":{"line":18,"column":15}},"8":{"start":{"line":21,"column":0},"end":{"line":21,"column":40}}},"fnMap":{"0":{"name":"getCoinCombination","decl":{"start":{"line":8,"column":9},"end":{"line":8,"column":27}},"loc":{"start":{"line":8,"column":35},"end":{"line":19,"column":1}},"line":8}},"branchMap":{},"s":{"0":8,"1":8,"2":8,"3":8,"4":8,"5":32,"6":32,"7":8,"8":1},"f":{"0":8},"b":{},"_coverageSchema":"1a1c01bbd47fc00a2c39e90264f33305004495a9","hash":"4a5831c6c24269480cbd8c433afd21b37ebe632d"}
}
